# compile-train-graphs --read-disambig-syms=data/lang/phones/disambig.int exp/tri2/tree exp/tri2/1.mdl data/lang/L.fst "ark:utils/sym2int.pl --map-oov 1 -f 2- data/lang/words.txt < data/train/split3/2/text |" "ark:|gzip -c >exp/tri2/fsts.2.gz" 
# Started at Fri Dec 30 01:34:12 ICT 2016
#
compile-train-graphs --read-disambig-syms=data/lang/phones/disambig.int exp/tri2/tree exp/tri2/1.mdl data/lang/L.fst 'ark:utils/sym2int.pl --map-oov 1 -f 2- data/lang/words.txt < data/train/split3/2/text |' 'ark:|gzip -c >exp/tri2/fsts.2.gz' 
sym2int.pl: replacing DÃNG with 1
sym2int.pl: replacing KO with 1
sym2int.pl: replacing CHỌN: with 1
sym2int.pl: replacing 4 with 1
sym2int.pl: replacing HUỶ with 1
sym2int.pl: replacing TOÀ with 1
sym2int.pl: replacing XOÁ with 1
sym2int.pl: replacing TOẢ with 1
sym2int.pl: replacing H with 1
sym2int.pl: replacing XOÈ with 1
sym2int.pl: replacing B with 1
sym2int.pl: replacing XOÁ with 1
sym2int.pl: replacing K with 1
sym2int.pl: replacing XOÁ with 1
sym2int.pl: replacing H with 1
sym2int.pl: replacing B with 1
sym2int.pl: replacing TOẢ with 1
sym2int.pl: replacing C with 1
sym2int.pl: replacing B with 1
sym2int.pl: replacing TOẢ with 1
sym2int.pl: not warning for OOVs any more times
** Replaced 22 instances of OOVs with 1
LOG (compile-train-graphs:main():compile-train-graphs.cc:145) compile-train-graphs: succeeded for 3832 graphs, failed for 0
# Accounting: time=149 threads=1
# Ended (code 0) at Fri Dec 30 01:36:41 ICT 2016, elapsed time 149 seconds
