# compile-train-graphs --read-disambig-syms=data/lang/phones/disambig.int exp/tri2/tree exp/tri2/1.mdl data/lang/L.fst "ark:utils/sym2int.pl --map-oov 1 -f 2- data/lang/words.txt < data/train/split3/3/text |" "ark:|gzip -c >exp/tri2/fsts.3.gz" 
# Started at Fri Dec 30 01:34:12 ICT 2016
#
compile-train-graphs --read-disambig-syms=data/lang/phones/disambig.int exp/tri2/tree exp/tri2/1.mdl data/lang/L.fst 'ark:utils/sym2int.pl --map-oov 1 -f 2- data/lang/words.txt < data/train/split3/3/text |' 'ark:|gzip -c >exp/tri2/fsts.3.gz' 
sym2int.pl: replacing C with 1
sym2int.pl: replacing TOÀ with 1
sym2int.pl: replacing T with 1
sym2int.pl: replacing T with 1
sym2int.pl: replacing KHOÁ with 1
sym2int.pl: replacing H with 1
sym2int.pl: replacing HUỶ with 1
sym2int.pl: replacing B with 1
sym2int.pl: replacing B with 1
sym2int.pl: replacing K with 1
sym2int.pl: replacing D with 1
sym2int.pl: replacing H with 1
sym2int.pl: replacing V with 1
sym2int.pl: replacing B with 1
sym2int.pl: replacing THOẢ with 1
sym2int.pl: replacing C with 1
sym2int.pl: replacing HUỶ with 1
sym2int.pl: replacing H with 1
sym2int.pl: replacing T with 1
sym2int.pl: replacing T with 1
sym2int.pl: not warning for OOVs any more times
** Replaced 21 instances of OOVs with 1
LOG (compile-train-graphs:main():compile-train-graphs.cc:145) compile-train-graphs: succeeded for 3928 graphs, failed for 0
# Accounting: time=169 threads=1
# Ended (code 0) at Fri Dec 30 01:37:01 ICT 2016, elapsed time 169 seconds
